[+] Containers:
 |- [+] Container: /Game/NewMap
 |   |- [+] ActorDescs:
 |   |   |- Guid:5368FABB47D6D9580DAECA8B0417BF92 BaseClass: NativeClass:/Script/Engine.WorldDataLayers Name:WorldDataLayers Label:WorldDataLayers-1 SpatiallyLoaded:0 Bounds:IsValid=true, Min=(X=0.000 Y=0.000 Z=0.000), Max=(X=0.000 Y=0.000 Z=0.000) RuntimeGrid:None EditorOnly:0 RuntimeOnly:0 HLODRelevant:0
 |   |   |- Guid:5C8354C94E3824B4B901FAB8617B4618 BaseClass: NativeClass:/Script/Paper2D.PaperTileMapActor Name:PaperTileMapActor_UAID_E0D04586B8E3EC9501_1743295039 Label:oak_woods_tileset_TileMap SpatiallyLoaded:1 Bounds:IsValid=true, Min=(X=-12.000 Y=-14.000 Z=-1188.000), Max=(X=1668.000 Y=2.000 Z=12.000) RuntimeGrid:None EditorOnly:0 RuntimeOnly:0 HLODRelevant:0
 |   |   |- Guid:7F5A1F6347FF7A4DEC6318B80233D6B9 BaseClass: NativeClass:/Script/Engine.PlayerStart Name:PlayerStart_UAID_E0D04586B8E3EF9501_1216192568 Label:PlayerStart SpatiallyLoaded:0 Bounds:IsValid=true, Min=(X=792.000 Y=-8.000 Z=-678.400), Max=(X=808.000 Y=8.000 Z=-641.600) RuntimeGrid:None EditorOnly:0 RuntimeOnly:0 HLODRelevant:0
 |   |   |- Guid:D3ABB57E4617114A5934DE9700F777E7 BaseClass: NativeClass:/Script/Engine.PostProcessVolume Name:PostProcessVolume_UAID_E0D04586B8E3EC9501_2129834040 Label:PostProcessVolume SpatiallyLoaded:0 Bounds:IsValid=true, Min=(X=730.000 Y=-100.000 Z=-700.000), Max=(X=930.000 Y=100.000 Z=-500.000) RuntimeGrid:None EditorOnly:0 RuntimeOnly:0 HLODRelevant:0
 |   |- [+] Clusters:
 |   |   |- [+] [  0]
 |   |   |   |- Guid:5368FABB47D6D9580DAECA8B0417BF92 BaseClass: NativeClass:/Script/Engine.WorldDataLayers Name:WorldDataLayers Label:WorldDataLayers-1 SpatiallyLoaded:0 Bounds:IsValid=true, Min=(X=0.000 Y=0.000 Z=0.000), Max=(X=0.000 Y=0.000 Z=0.000) RuntimeGrid:None EditorOnly:0 RuntimeOnly:0 HLODRelevant:0
 |   |   |- [+] [  1]
 |   |   |   |- Guid:D3ABB57E4617114A5934DE9700F777E7 BaseClass: NativeClass:/Script/Engine.PostProcessVolume Name:PostProcessVolume_UAID_E0D04586B8E3EC9501_2129834040 Label:PostProcessVolume SpatiallyLoaded:0 Bounds:IsValid=true, Min=(X=730.000 Y=-100.000 Z=-700.000), Max=(X=930.000 Y=100.000 Z=-500.000) RuntimeGrid:None EditorOnly:0 RuntimeOnly:0 HLODRelevant:0
 |   |   |- [+] [  2]
 |   |   |   |- Guid:5C8354C94E3824B4B901FAB8617B4618 BaseClass: NativeClass:/Script/Paper2D.PaperTileMapActor Name:PaperTileMapActor_UAID_E0D04586B8E3EC9501_1743295039 Label:oak_woods_tileset_TileMap SpatiallyLoaded:1 Bounds:IsValid=true, Min=(X=-12.000 Y=-14.000 Z=-1188.000), Max=(X=1668.000 Y=2.000 Z=12.000) RuntimeGrid:None EditorOnly:0 RuntimeOnly:0 HLODRelevant:0
 |   |   |- [+] [  3]
 |   |   |   |- Guid:7F5A1F6347FF7A4DEC6318B80233D6B9 BaseClass: NativeClass:/Script/Engine.PlayerStart Name:PlayerStart_UAID_E0D04586B8E3EF9501_1216192568 Label:PlayerStart SpatiallyLoaded:0 Bounds:IsValid=true, Min=(X=792.000 Y=-8.000 Z=-678.400), Max=(X=808.000 Y=8.000 Z=-641.600) RuntimeGrid:None EditorOnly:0 RuntimeOnly:0 HLODRelevant:0
 |- ContainerInstances:
 |- [+] MainContainer:
 |   |-        ID: 0x0000000000000000
 |   |-    Bounds: IsValid=true, Min=(X=-12.000 Y=-14.000 Z=-1188.000), Max=(X=1668.000 Y=2.000 Z=12.000)
 |   |- Transform: 0.000000,0.000000,0.000000|0.000000,0.000000,-0.000000|1.000000,1.000000,1.000000
 |   |- Container: /Game/NewMap
----------------------------------------------------------------------------------------------------------------
NewMap - Persistent Level
----------------------------------------------------------------------------------------------------------------
Always loaded Actor Count: 10 

----------------------------------------------------------------------------------------------------------------
NewMap - Runtime Spatial Hash - Streaming Grid - MainGrid
----------------------------------------------------------------------------------------------------------------
            Origin: X=0.000 Y=0.000 Z=0.000
         Cell Size: 25600
      World Bounds: IsValid=true, Min=(X=-12.000 Y=-14.000 Z=-1188.000), Max=(X=1668.000 Y=2.000 Z=12.000)
     Loading Range: 76800.00
Block Slow Loading: No
 ClientOnlyVisible: No

[+] Grid Levels: 2
 |- Level  0: Cell Count    0 | Cell Size   25600 | Actor Count    0 (0.0%)
 |- Level  1: Cell Count    0 | Cell Size   51200 | Actor Count    0 (0.0%)

[+] Content of Grid Level 0
[+] Content of Grid Level 1

